<?xml version="1.0" encoding="UTF-8"?>
<!-- Generated by org.testng.reporters.JUnitReportReporter -->
<testsuite skipped="0" hostname="Shikha" name="etoETestcases.LoginTest" tests="1" failures="0" timestamp="2020-02-09T13:30:59 IST" time="11.897" errors="0">
  <testcase name="loginAsBankManager" time="11.897" classname="etoETestcases.LoginTest"/>
</testsuite> <!-- etoETestcases.LoginTest -->
