<?xml version="1.0" encoding="UTF-8"?>
<!-- Generated by org.testng.reporters.JUnitReportReporter -->
<testsuite skipped="0" hostname="Shikha" name="etoETestcases.BankManagerLoginTest" tests="1" failures="0" timestamp="2020-02-09T16:42:33 IST" time="3.198" errors="0">
  <testcase name="loginAsBankManager" time="3.198" classname="etoETestcases.BankManagerLoginTest"/>
</testsuite> <!-- etoETestcases.BankManagerLoginTest -->
