<?xml version="1.0" encoding="UTF-8"?>
<!-- Generated by org.testng.reporters.JUnitReportReporter -->
<testsuite skipped="1" hostname="Shikha" name="etoETestcases.Edit_View_Profile" tests="1" failures="0" timestamp="2020-02-09T12:55:10 IST" time="0.000" errors="0">
  <testcase name="EditViewProfile_PersonlDetails" time="0.000" classname="etoETestcases.Edit_View_Profile">
    <skipped/>
  </testcase> <!-- EditViewProfile_PersonlDetails -->
</testsuite> <!-- etoETestcases.Edit_View_Profile -->
