<?xml version="1.0" encoding="UTF-8"?>
<!-- Generated by org.testng.reporters.JUnitReportReporter -->
<testsuite skipped="1" hostname="Shikha" name="etoETestcases.AddCustomerTest" tests="1" failures="0" timestamp="2020-02-09T16:42:33 IST" time="0.000" errors="0">
  <testcase name="addCustomer" time="0.000" classname="etoETestcases.AddCustomerTest">
    <skipped/>
  </testcase> <!-- addCustomer -->
</testsuite> <!-- etoETestcases.AddCustomerTest -->
